1537880199662:start
1537880261434:trt
1537880262812:start
1537881166942:exit
1537881178042:xt
1537881179102:exit
1537881724828:start
1537881726662:a
1537881732723:exit
1537886280171:exixt
1537886281364:exit
1537886684450:start
1537893025977:ose
1537893030000:top
1537893031620:stop
1537893155476:start
1537893162238:stop
1537893166841:start
1537893172610:exit
1537893286793:start
1537893299127:stop
1537893310373:start
1537893396515:stop
1537893399570:start
1537893402505:stop
1537893408348:start
1537893410438:stop
1537893525771:start
1537893532795:stop
1537893534969:exit
1537893548654:start
1537893558780:stop
1537893565988:start
1537893569688:exit
1537893599852:start
1537893604996:stop
1537893610930:start
1537893616000:exit
1537893654498:start
1537893661564:p
1537893662853:stop
1537893669600:start
1537893676551:exit
1537893787201:start
1537893800363:exit
1537893837093:start
1537893848218:exit
1537893889624:start
1537893904337:stop
1537893909914:start
1537893914295:exit
1537894111512:start
1537894122824:stop
1537894133043:start
1537894137808:exit
1537894334277:connect
1537894341055:start
1537894355576:stop
1537894362777:start
1537894365706:stop
1537894372820:start
1537894377414:stop
1537894378736:exit
1537894429166:connect
1537894437120:start
1537894443455:stop
1537894447971:start
1537894451021:stop
1537894458370:shutdown
1537894529128:start
1537894542449:stop
1537894544602:start
1537894548871:shutdown
1537894611421:start
1537894616792:shutdown
1537894646553:stop
1537894648447:start
1537894654233:shutdown
1537894693765:connect
1537894703357:start
1537894707112:stop
1537894711594:start
1537894715068:stop
1537894718978:shutdown
1537894881790:start
1537894891713:connect
1537894899832:start
1537894905779:stop
1537894912523:shutdown
1537895066619:help
1537895075928:connect
1537895082589:start
1537895112751:stop
1537895118643:start
1537895123131:stop
1537895128733:shutdown
1537895202917:start
1537895210398:connect
1537895215108:start
1537895219323:stop
1537895225999:shutdown
1537899854552:connect
1537899859804:start
1537899863599:stop
1537899865756:shutdown
1537968591972:connect
1537968597026:start
1537968634495:stop
